Flutter crash report.
Please report a bug at https://github.com/flutter/flutter/issues.

## command

flutter run -d chrome

## exception

StateError: Bad state: No context with the running Dart application.

```
#0      RemoteDebuggerExecutionContext.id (package:dwds/src/debugging/execution_context.dart:47:7)
<asynchronous suspension>
#1      AppInspector._getExtensionRpcs (package:dwds/src/debugging/inspector.dart:486:20)
<asynchronous suspension>
#2      AppInspector._initialize (package:dwds/src/debugging/inspector.dart:93:34)
<asynchronous suspension>
#3      AppInspector.initialize (package:dwds/src/debugging/inspector.dart:156:5)
<asynchronous suspension>
#4      ChromeProxyService.createIsolate (package:dwds/src/services/chrome_proxy_service.dart:188:18)
<asynchronous suspension>
```

## flutter doctor

```
[✓] Flutter (Channel beta, 1.25.0-8.3.pre, on Microsoft Windows [Version 10.0.18363.1379], locale en-US)
    • Flutter version 1.25.0-8.3.pre at C:\flutter-stable1
    • Framework revision 5d36f2e7f5 (9 weeks ago), 2021-01-14 15:57:49 -0800
    • Engine revision 7a8f8ca02c
    • Dart version 2.12.0 (build 2.12.0-133.7.beta)

[!] Android toolchain - develop for Android devices (Android SDK version 29.0.2)
    • Android SDK at C:\Program Files (x86)\Android\android-sdk
    • Platform android-29, build-tools 29.0.2
    • ANDROID_HOME = C:\Program Files (x86)\Android\android-sdk
    • Java binary at: C:\Program Files\Android\Android Studio1\jre\bin\java
    • Java version OpenJDK Runtime Environment (build 1.8.0_202-release-1483-b03)
    ! Some Android licenses not accepted.  To resolve this, run: flutter doctor --android-licenses

[✓] Chrome - develop for the web
    • Chrome at C:\Program Files (x86)\Google\Chrome\Application\chrome.exe

[✓] Android Studio (version 3.5)
    • Android Studio at C:\Program Files\Android\Android Studio1
    • Flutter plugin version 42.1.1
    • Dart plugin version 191.8593
    • Java version OpenJDK Runtime Environment (build 1.8.0_202-release-1483-b03)

[✓] VS Code, 64-bit edition (version 1.41.0)
    • VS Code at C:\Program Files\Microsoft VS Code
    • Flutter extension can be installed from:
      🔨 https://marketplace.visualstudio.com/items?itemName=Dart-Code.flutter

[✓] Connected device (2 available)
    • Mi A1 (mobile) • 32e82c9c0504 • android-arm64  • Android 9 (API 28)
    • Chrome (web)   • chrome       • web-javascript • Google Chrome 89.0.4389.82

! Doctor found issues in 1 category.
```
